<?xml version="1.0" encoding="UTF-8"?>
<!-- Generated by org.testng.reporters.JUnitReportReporter -->
<testsuite hostname="MSI" failures="0" tests="1" name="testcases.Scenario1" time="8.428" errors="0" timestamp="2023-06-05T22:58:19 ICT" skipped="0">
  <testcase classname="testcases.Scenario1" name="testScenario1" time="8.428"/>
  <system-out/>
</testsuite> <!-- testcases.Scenario1 -->
