<?xml version="1.0" encoding="UTF-8"?>
<!-- Generated by org.testng.reporters.JUnitReportReporter -->
<testsuite hostname="MSI" failures="0" tests="1" name="testcases.Scenario2" time="0.236" errors="0" timestamp="2023-06-05T23:09:52 ICT" skipped="0">
  <testcase classname="testcases.Scenario2" name="testScenario2" time="0.236"/>
  <system-out/>
</testsuite> <!-- testcases.Scenario2 -->
