<?xml version="1.0" encoding="UTF-8"?>
<!-- Generated by org.testng.reporters.JUnitReportReporter -->
<testsuite hostname="MSI" failures="0" tests="1" name="utilities.DeleteBookInProfile" time="3.648" errors="0" timestamp="2023-06-05T22:26:10 ICT" skipped="0">
  <testcase classname="utilities.DeleteBookInProfile" name="deleteBookfromProfile" time="3.648"/>
  <system-out/>
</testsuite> <!-- utilities.DeleteBookInProfile -->
